<?xml version="1.0" encoding="UTF-8"?>
<!-- Generated by org.testng.reporters.JUnitReportReporter -->
<testsuite skipped="0" hostname="DESKTOP-1FOGHDV" name="tests.AirlineTest" tests="1" failures="0" timestamp="2020-05-07T13:54:17 CDT" time="1.477" errors="0">
  <testcase name="newFlight" time="1.477" classname="tests.AirlineTest"/>
  <system-out/>
</testsuite> <!-- tests.AirlineTest -->
