<?xml version="1.0" encoding="UTF-8"?>
<!-- Generated by org.testng.reporters.JUnitReportReporter -->
<testsuite skipped="0" hostname="DESKTOP-1FOGHDV" name="tests.AirlineTest" tests="1" failures="0" timestamp="2020-05-06T20:03:48 CDT" time="1.537" errors="0">
  <testcase name="getReservation" time="1.537" classname="tests.AirlineTest"/>
  <system-out/>
</testsuite> <!-- tests.AirlineTest -->
